0 info it worked if it ends with ok
1 verbose cli [ 'C:\\Program Files\\nodejs\\node.exe',
1 verbose cli   'C:\\Program Files\\nodejs\\node_modules\\npm\\bin\\npm-cli.js',
1 verbose cli   'run',
1 verbose cli   'dev' ]
2 info using npm@3.10.10
3 info using node@v6.10.2
4 verbose run-script [ 'predev', 'dev', 'postdev' ]
5 info lifecycle phaser-webpack-boilerplate@1.0.0~predev: phaser-webpack-boilerplate@1.0.0
6 silly lifecycle phaser-webpack-boilerplate@1.0.0~predev: no script for predev, continuing
7 info lifecycle phaser-webpack-boilerplate@1.0.0~dev: phaser-webpack-boilerplate@1.0.0
8 verbose lifecycle phaser-webpack-boilerplate@1.0.0~dev: unsafe-perm in lifecycle true
9 verbose lifecycle phaser-webpack-boilerplate@1.0.0~dev: PATH: C:\Program Files\nodejs\node_modules\npm\bin\node-gyp-bin;C:\Users\Cloud Strife\Desktop\hadron\node_modules\.bin;C:\ProgramData\Oracle\Java\javapath;C:\Windows\system32;C:\Windows;C:\Windows\System32\Wbem;C:\Windows\System32\WindowsPowerShell\v1.0\;C:\Program Files\nodejs\;C:\Program Files (x86)\NVIDIA Corporation\PhysX\Common;C:\Program Files\Git\cmd;C:\Program Files\Crucial\Crucial Storage Executive;C:\Program Files (x86)\Calibre2\;C:\Android\sdk\tools;C:\Android\sdk\platform-tools;C:\Android\sdk;C:\Program Files\MySQL\MySQL Utilities 1.6\;C:\Users\Cloud Strife\AppData\Local\Microsoft\WindowsApps;C:\Users\Cloud Strife\AppData\Roaming\npm;C:\Users\Cloud Strife\AppData\Local\atom\bin;C:\Android\sdk\platform-tools;C:\Android\sdk\tools;C:\Program Files (x86)\Microsoft VS Code\bin;C:\Program Files\Heroku\bin
10 verbose lifecycle phaser-webpack-boilerplate@1.0.0~dev: CWD: C:\Users\Cloud Strife\Desktop\hadron
11 silly lifecycle phaser-webpack-boilerplate@1.0.0~dev: Args: [ '/d /s /c', 'webpack -d --watch' ]
12 silly lifecycle phaser-webpack-boilerplate@1.0.0~dev: Returned: code: 3221225786  signal: null
13 info lifecycle phaser-webpack-boilerplate@1.0.0~dev: Failed to exec dev script
14 verbose stack Error: phaser-webpack-boilerplate@1.0.0 dev: `webpack -d --watch`
14 verbose stack Exit status 3221225786
14 verbose stack     at EventEmitter.<anonymous> (C:\Program Files\nodejs\node_modules\npm\lib\utils\lifecycle.js:255:16)
14 verbose stack     at emitTwo (events.js:106:13)
14 verbose stack     at EventEmitter.emit (events.js:191:7)
14 verbose stack     at ChildProcess.<anonymous> (C:\Program Files\nodejs\node_modules\npm\lib\utils\spawn.js:40:14)
14 verbose stack     at emitTwo (events.js:106:13)
14 verbose stack     at ChildProcess.emit (events.js:191:7)
14 verbose stack     at maybeClose (internal/child_process.js:886:16)
14 verbose stack     at Process.ChildProcess._handle.onexit (internal/child_process.js:226:5)
15 verbose pkgid phaser-webpack-boilerplate@1.0.0
16 verbose cwd C:\Users\Cloud Strife\Desktop\hadron
17 error Windows_NT 10.0.14393
18 error argv "C:\\Program Files\\nodejs\\node.exe" "C:\\Program Files\\nodejs\\node_modules\\npm\\bin\\npm-cli.js" "run" "dev"
19 error node v6.10.2
20 error npm  v3.10.10
21 error code ELIFECYCLE
22 error phaser-webpack-boilerplate@1.0.0 dev: `webpack -d --watch`
22 error Exit status 3221225786
23 error Failed at the phaser-webpack-boilerplate@1.0.0 dev script 'webpack -d --watch'.
23 error Make sure you have the latest version of node.js and npm installed.
23 error If you do, this is most likely a problem with the phaser-webpack-boilerplate package,
23 error not with npm itself.
23 error Tell the author that this fails on your system:
23 error     webpack -d --watch
23 error You can get information on how to open an issue for this project with:
23 error     npm bugs phaser-webpack-boilerplate
23 error Or if that isn't available, you can get their info via:
23 error     npm owner ls phaser-webpack-boilerplate
23 error There is likely additional logging output above.
24 verbose exit [ 1, true ]
